<?xml version="1.0" encoding="UTF-8"?>
<!-- Generated by org.testng.reporters.JUnitReportReporter -->
<testsuite skipped="0" hostname="DESKTOP-IH3GRMK" name="test.HomePage" tests="1" failures="0" timestamp="2019-11-20T23:13:29 AST" time="14.266" errors="0">
  <testcase name="search" time="14.266" classname="test.HomePage"/>
</testsuite> <!-- test.HomePage -->
