<?xml version="1.0" encoding="UTF-8"?>
<!-- Generated by org.testng.reporters.JUnitReportReporter -->
<testsuite hostname="LAPTOP-8Q32O9S3" failures="0" tests="3" name="test.LeadCreation" time="38.784" errors="0" timestamp="2020-01-15T17:48:36 IST" skipped="0">
  <testcase classname="test.LeadCreation" name="leadCreation" time="14.228"/>
  <testcase classname="test.LeadCreation" name="leadCreation" time="12.513"/>
  <testcase classname="test.LeadCreation" name="leadCreation" time="12.043"/>
</testsuite> <!-- test.LeadCreation -->
