<?xml version="1.0" encoding="UTF-8"?>
<!-- Generated by org.testng.reporters.JUnitReportReporter -->
<testsuite skipped="0" hostname="DESKTOP-IH3GRMK" name="test.LoginAndLogout" tests="1" failures="0" timestamp="2019-11-22T12:26:11 AST" time="0.669" errors="0">
  <testcase name="login" time="0.669" classname="test.LoginAndLogout"/>
</testsuite> <!-- test.LoginAndLogout -->
