<?xml version="1.0" encoding="UTF-8"?>
<!-- Generated by org.testng.reporters.JUnitReportReporter -->
<testsuite hostname="LAPTOP-8Q32O9S3" failures="0" tests="3" name="test.LeadFinding" time="16.511" errors="0" timestamp="2020-01-15T17:48:36 IST" skipped="0">
  <testcase classname="test.LeadFinding" name="leadFinding" time="5.540"/>
  <testcase classname="test.LeadFinding" name="leadFinding" time="5.312"/>
  <testcase classname="test.LeadFinding" name="leadFinding" time="5.659"/>
</testsuite> <!-- test.LeadFinding -->
